{"uid":"3b0bda56947d3608","name":"test_log_in_make_order_and_check_order_in_in_progress_feed[firefox]","fullName":"tests.test_order_page.TestOrderPage#test_log_in_make_order_and_check_order_in_in_progress_feed","historyId":"396d11dd9cd7e2dc1b2c0d5be39c7565","time":{"start":1716045075586,"stop":1716045078980,"duration":3394},"status":"broken","statusMessage":"selenium.common.exceptions.ElementClickInterceptedException: Message: Element <p class=\"AppHeader_header__linkText__3q_va ml-2\"> is not clickable at point (1512,44) because another element <div class=\"Modal_modal_overlay__x2ZCr\"> obscures it\nStacktrace:\nRemoteError@chrome://remote/content/shared/RemoteError.sys.mjs:8:8\nWebDriverError@chrome://remote/content/shared/webdriver/Errors.sys.mjs:193:5\nElementClickInterceptedError@chrome://remote/content/shared/webdriver/Errors.sys.mjs:337:5\nwebdriverClickElement@chrome://remote/content/marionette/interaction.sys.mjs:176:11\ninteraction.clickElement@chrome://remote/content/marionette/interaction.sys.mjs:135:11\nclickElement@chrome://remote/content/marionette/actors/MarionetteCommandsChild.sys.mjs:204:29\nreceiveMessage@chrome://remote/content/marionette/actors/MarionetteCommandsChild.sys.mjs:84:31","statusTrace":"self = <test_order_page.TestOrderPage object at 0x0000023EB7314680>, driver = <selenium.webdriver.firefox.webdriver.WebDriver (session=\"b5e89836-e04c-454a-aa9a-386eb623872f\")>\nrandom_user = {'access_token': 'Bearer eyJhbGciOiJIUzI1NiIsInR5cCI6IkpXVCJ9.eyJpZCI6IjY2NDhjNTExOWVkMjgwMDAxYjQxNGFhYSIsImlhdCI6MTcx...Jr0LJM0L2ri6Qzp8nZ3J_KhDzYkjXDCT38', 'email': 'sthomas@example.net', 'name': 'Samantha Rios', 'password': '*6PrHNu$xd'}\n\n    def test_log_in_make_order_and_check_order_in_in_progress_feed(self, driver, random_user):\n        order_page = OrderPage(driver)\n>       order_id = order_page.check_order_id_in_in_progress_feed(random_user, driver)\n\ntests\\test_order_page.py:36: \n_ _ _ _ _ _ _ _ _ _ _ _ _ _ _ _ _ _ _ _ _ _ _ _ _ _ _ _ _ _ _ _ _ _ _ _ _ _ _ _ _ _ _ _ _ _ _ _ _ _ _ _ _ _ _ _ _ _ _ _ _ _ _ _ _ _ _ _ _ _ _ _ _ _ _ _ _ _ _ _ _ _ _ _ _ _ _ _ _ _ _ _ _ _ _ _ _ _ _ _ _ _ _ _ _ _ _ _ _ _ _ _ _ _\npages\\order_page.py:64: in check_order_id_in_in_progress_feed\n    create_user_and_login(self.driver, random_user)\nhelpers.py:19: in create_user_and_login\n    driver.find_element(*MyAccountLocators.GO_TO_MY_ACCOUNT).click()\n..\\..\\..\\AppData\\Local\\Programs\\Python\\Python312\\Lib\\site-packages\\selenium\\webdriver\\remote\\webelement.py:93: in click\n    self._execute(Command.CLICK_ELEMENT)\n..\\..\\..\\AppData\\Local\\Programs\\Python\\Python312\\Lib\\site-packages\\selenium\\webdriver\\remote\\webelement.py:394: in _execute\n    return self._parent.execute(command, params)\n..\\..\\..\\AppData\\Local\\Programs\\Python\\Python312\\Lib\\site-packages\\selenium\\webdriver\\remote\\webdriver.py:347: in execute\n    self.error_handler.check_response(response)\n_ _ _ _ _ _ _ _ _ _ _ _ _ _ _ _ _ _ _ _ _ _ _ _ _ _ _ _ _ _ _ _ _ _ _ _ _ _ _ _ _ _ _ _ _ _ _ _ _ _ _ _ _ _ _ _ _ _ _ _ _ _ _ _ _ _ _ _ _ _ _ _ _ _ _ _ _ _ _ _ _ _ _ _ _ _ _ _ _ _ _ _ _ _ _ _ _ _ _ _ _ _ _ _ _ _ _ _ _ _ _ _ _ _\n\nself = <selenium.webdriver.remote.errorhandler.ErrorHandler object at 0x0000023EB77AEE10>\nresponse = {'status': 400, 'value': '{\"value\":{\"error\":\"element click intercepted\",\"message\":\"Element <p class=\\\\\"AppHeader_heade...sys.mjs:204:29\\\\nreceiveMessage@chrome://remote/content/marionette/actors/MarionetteCommandsChild.sys.mjs:84:31\\\\n\"}}'}\n\n    def check_response(self, response: Dict[str, Any]) -> None:\n        \"\"\"Checks that a JSON response from the WebDriver does not have an\n        error.\n    \n        :Args:\n         - response - The JSON response from the WebDriver server as a dictionary\n           object.\n    \n        :Raises: If the response contains an error message.\n        \"\"\"\n        status = response.get(\"status\", None)\n        if not status or status == ErrorCode.SUCCESS:\n            return\n        value = None\n        message = response.get(\"message\", \"\")\n        screen: str = response.get(\"screen\", \"\")\n        stacktrace = None\n        if isinstance(status, int):\n            value_json = response.get(\"value\", None)\n            if value_json and isinstance(value_json, str):\n                import json\n    \n                try:\n                    value = json.loads(value_json)\n                    if len(value) == 1:\n                        value = value[\"value\"]\n                    status = value.get(\"error\", None)\n                    if not status:\n                        status = value.get(\"status\", ErrorCode.UNKNOWN_ERROR)\n                        message = value.get(\"value\") or value.get(\"message\")\n                        if not isinstance(message, str):\n                            value = message\n                            message = message.get(\"message\")\n                    else:\n                        message = value.get(\"message\", None)\n                except ValueError:\n                    pass\n    \n        exception_class: Type[WebDriverException]\n        e = ErrorCode()\n        error_codes = [item for item in dir(e) if not item.startswith(\"__\")]\n        for error_code in error_codes:\n            error_info = getattr(ErrorCode, error_code)\n            if isinstance(error_info, list) and status in error_info:\n                exception_class = getattr(ExceptionMapping, error_code, WebDriverException)\n                break\n        else:\n            exception_class = WebDriverException\n    \n        if not value:\n            value = response[\"value\"]\n        if isinstance(value, str):\n            raise exception_class(value)\n        if message == \"\" and \"message\" in value:\n            message = value[\"message\"]\n    \n        screen = None  # type: ignore[assignment]\n        if \"screen\" in value:\n            screen = value[\"screen\"]\n    \n        stacktrace = None\n        st_value = value.get(\"stackTrace\") or value.get(\"stacktrace\")\n        if st_value:\n            if isinstance(st_value, str):\n                stacktrace = st_value.split(\"\\n\")\n            else:\n                stacktrace = []\n                try:\n                    for frame in st_value:\n                        line = frame.get(\"lineNumber\", \"\")\n                        file = frame.get(\"fileName\", \"<anonymous>\")\n                        if line:\n                            file = f\"{file}:{line}\"\n                        meth = frame.get(\"methodName\", \"<anonymous>\")\n                        if \"className\" in frame:\n                            meth = f\"{frame['className']}.{meth}\"\n                        msg = \"    at %s (%s)\"\n                        msg = msg % (meth, file)\n                        stacktrace.append(msg)\n                except TypeError:\n                    pass\n        if exception_class == UnexpectedAlertPresentException:\n            alert_text = None\n            if \"data\" in value:\n                alert_text = value[\"data\"].get(\"text\")\n            elif \"alert\" in value:\n                alert_text = value[\"alert\"].get(\"text\")\n            raise exception_class(message, screen, stacktrace, alert_text)  # type: ignore[call-arg]  # mypy is not smart enough here\n>       raise exception_class(message, screen, stacktrace)\nE       selenium.common.exceptions.ElementClickInterceptedException: Message: Element <p class=\"AppHeader_header__linkText__3q_va ml-2\"> is not clickable at point (1512,44) because another element <div class=\"Modal_modal_overlay__x2ZCr\"> obscures it\nE       Stacktrace:\nE       RemoteError@chrome://remote/content/shared/RemoteError.sys.mjs:8:8\nE       WebDriverError@chrome://remote/content/shared/webdriver/Errors.sys.mjs:193:5\nE       ElementClickInterceptedError@chrome://remote/content/shared/webdriver/Errors.sys.mjs:337:5\nE       webdriverClickElement@chrome://remote/content/marionette/interaction.sys.mjs:176:11\nE       interaction.clickElement@chrome://remote/content/marionette/interaction.sys.mjs:135:11\nE       clickElement@chrome://remote/content/marionette/actors/MarionetteCommandsChild.sys.mjs:204:29\nE       receiveMessage@chrome://remote/content/marionette/actors/MarionetteCommandsChild.sys.mjs:84:31\n\n..\\..\\..\\AppData\\Local\\Programs\\Python\\Python312\\Lib\\site-packages\\selenium\\webdriver\\remote\\errorhandler.py:229: ElementClickInterceptedException","flaky":false,"newFailed":false,"newBroken":false,"newPassed":false,"retriesCount":0,"retriesStatusChange":false,"beforeStages":[{"name":"_session_faker","time":{"start":1716044675371,"stop":1716044675403,"duration":32},"status":"passed","steps":[],"attachments":[],"parameters":[],"stepsCount":0,"attachmentStep":false,"hasContent":false,"shouldDisplayMessage":false,"attachmentsCount":0},{"name":"driver","time":{"start":1716045069517,"stop":1716045074434,"duration":4917},"status":"passed","steps":[],"attachments":[],"parameters":[],"stepsCount":0,"attachmentStep":false,"hasContent":false,"shouldDisplayMessage":false,"attachmentsCount":0},{"name":"random_user","time":{"start":1716045074434,"stop":1716045075585,"duration":1151},"status":"passed","steps":[],"attachments":[],"parameters":[],"stepsCount":0,"attachmentStep":false,"hasContent":false,"shouldDisplayMessage":false,"attachmentsCount":0}],"testStage":{"status":"broken","statusMessage":"selenium.common.exceptions.ElementClickInterceptedException: Message: Element <p class=\"AppHeader_header__linkText__3q_va ml-2\"> is not clickable at point (1512,44) because another element <div class=\"Modal_modal_overlay__x2ZCr\"> obscures it\nStacktrace:\nRemoteError@chrome://remote/content/shared/RemoteError.sys.mjs:8:8\nWebDriverError@chrome://remote/content/shared/webdriver/Errors.sys.mjs:193:5\nElementClickInterceptedError@chrome://remote/content/shared/webdriver/Errors.sys.mjs:337:5\nwebdriverClickElement@chrome://remote/content/marionette/interaction.sys.mjs:176:11\ninteraction.clickElement@chrome://remote/content/marionette/interaction.sys.mjs:135:11\nclickElement@chrome://remote/content/marionette/actors/MarionetteCommandsChild.sys.mjs:204:29\nreceiveMessage@chrome://remote/content/marionette/actors/MarionetteCommandsChild.sys.mjs:84:31","statusTrace":"self = <test_order_page.TestOrderPage object at 0x0000023EB7314680>, driver = <selenium.webdriver.firefox.webdriver.WebDriver (session=\"b5e89836-e04c-454a-aa9a-386eb623872f\")>\nrandom_user = {'access_token': 'Bearer eyJhbGciOiJIUzI1NiIsInR5cCI6IkpXVCJ9.eyJpZCI6IjY2NDhjNTExOWVkMjgwMDAxYjQxNGFhYSIsImlhdCI6MTcx...Jr0LJM0L2ri6Qzp8nZ3J_KhDzYkjXDCT38', 'email': 'sthomas@example.net', 'name': 'Samantha Rios', 'password': '*6PrHNu$xd'}\n\n    def test_log_in_make_order_and_check_order_in_in_progress_feed(self, driver, random_user):\n        order_page = OrderPage(driver)\n>       order_id = order_page.check_order_id_in_in_progress_feed(random_user, driver)\n\ntests\\test_order_page.py:36: \n_ _ _ _ _ _ _ _ _ _ _ _ _ _ _ _ _ _ _ _ _ _ _ _ _ _ _ _ _ _ _ _ _ _ _ _ _ _ _ _ _ _ _ _ _ _ _ _ _ _ _ _ _ _ _ _ _ _ _ _ _ _ _ _ _ _ _ _ _ _ _ _ _ _ _ _ _ _ _ _ _ _ _ _ _ _ _ _ _ _ _ _ _ _ _ _ _ _ _ _ _ _ _ _ _ _ _ _ _ _ _ _ _ _\npages\\order_page.py:64: in check_order_id_in_in_progress_feed\n    create_user_and_login(self.driver, random_user)\nhelpers.py:19: in create_user_and_login\n    driver.find_element(*MyAccountLocators.GO_TO_MY_ACCOUNT).click()\n..\\..\\..\\AppData\\Local\\Programs\\Python\\Python312\\Lib\\site-packages\\selenium\\webdriver\\remote\\webelement.py:93: in click\n    self._execute(Command.CLICK_ELEMENT)\n..\\..\\..\\AppData\\Local\\Programs\\Python\\Python312\\Lib\\site-packages\\selenium\\webdriver\\remote\\webelement.py:394: in _execute\n    return self._parent.execute(command, params)\n..\\..\\..\\AppData\\Local\\Programs\\Python\\Python312\\Lib\\site-packages\\selenium\\webdriver\\remote\\webdriver.py:347: in execute\n    self.error_handler.check_response(response)\n_ _ _ _ _ _ _ _ _ _ _ _ _ _ _ _ _ _ _ _ _ _ _ _ _ _ _ _ _ _ _ _ _ _ _ _ _ _ _ _ _ _ _ _ _ _ _ _ _ _ _ _ _ _ _ _ _ _ _ _ _ _ _ _ _ _ _ _ _ _ _ _ _ _ _ _ _ _ _ _ _ _ _ _ _ _ _ _ _ _ _ _ _ _ _ _ _ _ _ _ _ _ _ _ _ _ _ _ _ _ _ _ _ _\n\nself = <selenium.webdriver.remote.errorhandler.ErrorHandler object at 0x0000023EB77AEE10>\nresponse = {'status': 400, 'value': '{\"value\":{\"error\":\"element click intercepted\",\"message\":\"Element <p class=\\\\\"AppHeader_heade...sys.mjs:204:29\\\\nreceiveMessage@chrome://remote/content/marionette/actors/MarionetteCommandsChild.sys.mjs:84:31\\\\n\"}}'}\n\n    def check_response(self, response: Dict[str, Any]) -> None:\n        \"\"\"Checks that a JSON response from the WebDriver does not have an\n        error.\n    \n        :Args:\n         - response - The JSON response from the WebDriver server as a dictionary\n           object.\n    \n        :Raises: If the response contains an error message.\n        \"\"\"\n        status = response.get(\"status\", None)\n        if not status or status == ErrorCode.SUCCESS:\n            return\n        value = None\n        message = response.get(\"message\", \"\")\n        screen: str = response.get(\"screen\", \"\")\n        stacktrace = None\n        if isinstance(status, int):\n            value_json = response.get(\"value\", None)\n            if value_json and isinstance(value_json, str):\n                import json\n    \n                try:\n                    value = json.loads(value_json)\n                    if len(value) == 1:\n                        value = value[\"value\"]\n                    status = value.get(\"error\", None)\n                    if not status:\n                        status = value.get(\"status\", ErrorCode.UNKNOWN_ERROR)\n                        message = value.get(\"value\") or value.get(\"message\")\n                        if not isinstance(message, str):\n                            value = message\n                            message = message.get(\"message\")\n                    else:\n                        message = value.get(\"message\", None)\n                except ValueError:\n                    pass\n    \n        exception_class: Type[WebDriverException]\n        e = ErrorCode()\n        error_codes = [item for item in dir(e) if not item.startswith(\"__\")]\n        for error_code in error_codes:\n            error_info = getattr(ErrorCode, error_code)\n            if isinstance(error_info, list) and status in error_info:\n                exception_class = getattr(ExceptionMapping, error_code, WebDriverException)\n                break\n        else:\n            exception_class = WebDriverException\n    \n        if not value:\n            value = response[\"value\"]\n        if isinstance(value, str):\n            raise exception_class(value)\n        if message == \"\" and \"message\" in value:\n            message = value[\"message\"]\n    \n        screen = None  # type: ignore[assignment]\n        if \"screen\" in value:\n            screen = value[\"screen\"]\n    \n        stacktrace = None\n        st_value = value.get(\"stackTrace\") or value.get(\"stacktrace\")\n        if st_value:\n            if isinstance(st_value, str):\n                stacktrace = st_value.split(\"\\n\")\n            else:\n                stacktrace = []\n                try:\n                    for frame in st_value:\n                        line = frame.get(\"lineNumber\", \"\")\n                        file = frame.get(\"fileName\", \"<anonymous>\")\n                        if line:\n                            file = f\"{file}:{line}\"\n                        meth = frame.get(\"methodName\", \"<anonymous>\")\n                        if \"className\" in frame:\n                            meth = f\"{frame['className']}.{meth}\"\n                        msg = \"    at %s (%s)\"\n                        msg = msg % (meth, file)\n                        stacktrace.append(msg)\n                except TypeError:\n                    pass\n        if exception_class == UnexpectedAlertPresentException:\n            alert_text = None\n            if \"data\" in value:\n                alert_text = value[\"data\"].get(\"text\")\n            elif \"alert\" in value:\n                alert_text = value[\"alert\"].get(\"text\")\n            raise exception_class(message, screen, stacktrace, alert_text)  # type: ignore[call-arg]  # mypy is not smart enough here\n>       raise exception_class(message, screen, stacktrace)\nE       selenium.common.exceptions.ElementClickInterceptedException: Message: Element <p class=\"AppHeader_header__linkText__3q_va ml-2\"> is not clickable at point (1512,44) because another element <div class=\"Modal_modal_overlay__x2ZCr\"> obscures it\nE       Stacktrace:\nE       RemoteError@chrome://remote/content/shared/RemoteError.sys.mjs:8:8\nE       WebDriverError@chrome://remote/content/shared/webdriver/Errors.sys.mjs:193:5\nE       ElementClickInterceptedError@chrome://remote/content/shared/webdriver/Errors.sys.mjs:337:5\nE       webdriverClickElement@chrome://remote/content/marionette/interaction.sys.mjs:176:11\nE       interaction.clickElement@chrome://remote/content/marionette/interaction.sys.mjs:135:11\nE       clickElement@chrome://remote/content/marionette/actors/MarionetteCommandsChild.sys.mjs:204:29\nE       receiveMessage@chrome://remote/content/marionette/actors/MarionetteCommandsChild.sys.mjs:84:31\n\n..\\..\\..\\AppData\\Local\\Programs\\Python\\Python312\\Lib\\site-packages\\selenium\\webdriver\\remote\\errorhandler.py:229: ElementClickInterceptedException","steps":[{"name":"Check order ID in progress feed","time":{"start":1716045075586,"stop":1716045078979,"duration":3393},"status":"broken","statusMessage":"selenium.common.exceptions.ElementClickInterceptedException: Message: Element <p class=\"AppHeader_header__linkText__3q_va ml-2\"> is not clickable at point (1512,44) because another element <div class=\"Modal_modal_overlay__x2ZCr\"> obscures it\nStacktrace:\nRemoteError@chrome://remote/content/shared/RemoteError.sys.mjs:8:8\nWebDriverError@chrome://remote/content/shared/webdriver/Errors.sys.mjs:193:5\nElementClickInterceptedError@chrome://remote/content/shared/webdriver/Errors.sys.mjs:337:5\nwebdriverClickElement@chrome://remote/content/marionette/interaction.sys.mjs:176:11\ninteraction.clickElement@chrome://remote/content/marionette/interaction.sys.mjs:135:11\nclickElement@chrome://remote/content/marionette/actors/MarionetteCommandsChild.sys.mjs:204:29\nreceiveMessage@chrome://remote/content/marionette/actors/MarionetteCommandsChild.sys.mjs:84:31\n\n","statusTrace":"  File \"C:\\Users\\Leila Magomedova.WKST-QA-08\\AppData\\Local\\Programs\\Python\\Python312\\Lib\\site-packages\\allure_commons\\_allure.py\", line 192, in impl\n    return func(*a, **kw)\n           ^^^^^^^^^^^^^^\n  File \"C:\\Users\\Leila Magomedova.WKST-QA-08\\PycharmProjects\\Diploma\\Diplom_3\\pages\\order_page.py\", line 64, in check_order_id_in_in_progress_feed\n    create_user_and_login(self.driver, random_user)\n  File \"C:\\Users\\Leila Magomedova.WKST-QA-08\\AppData\\Local\\Programs\\Python\\Python312\\Lib\\site-packages\\allure_commons\\_allure.py\", line 192, in impl\n    return func(*a, **kw)\n           ^^^^^^^^^^^^^^\n  File \"C:\\Users\\Leila Magomedova.WKST-QA-08\\PycharmProjects\\Diploma\\Diplom_3\\helpers.py\", line 19, in create_user_and_login\n    driver.find_element(*MyAccountLocators.GO_TO_MY_ACCOUNT).click()\n  File \"C:\\Users\\Leila Magomedova.WKST-QA-08\\AppData\\Local\\Programs\\Python\\Python312\\Lib\\site-packages\\selenium\\webdriver\\remote\\webelement.py\", line 93, in click\n    self._execute(Command.CLICK_ELEMENT)\n  File \"C:\\Users\\Leila Magomedova.WKST-QA-08\\AppData\\Local\\Programs\\Python\\Python312\\Lib\\site-packages\\selenium\\webdriver\\remote\\webelement.py\", line 394, in _execute\n    return self._parent.execute(command, params)\n           ^^^^^^^^^^^^^^^^^^^^^^^^^^^^^^^^^^^^^\n  File \"C:\\Users\\Leila Magomedova.WKST-QA-08\\AppData\\Local\\Programs\\Python\\Python312\\Lib\\site-packages\\selenium\\webdriver\\remote\\webdriver.py\", line 347, in execute\n    self.error_handler.check_response(response)\n  File \"C:\\Users\\Leila Magomedova.WKST-QA-08\\AppData\\Local\\Programs\\Python\\Python312\\Lib\\site-packages\\selenium\\webdriver\\remote\\errorhandler.py\", line 229, in check_response\n    raise exception_class(message, screen, stacktrace)\n","steps":[{"name":"Click on order feed","time":{"start":1716045075586,"stop":1716045078812,"duration":3226},"status":"passed","steps":[{"name":"Go to site","time":{"start":1716045075586,"stop":1716045078048,"duration":2462},"status":"passed","steps":[],"attachments":[],"parameters":[],"stepsCount":0,"attachmentStep":false,"hasContent":false,"shouldDisplayMessage":false,"attachmentsCount":0},{"name":"Find element and wait","time":{"start":1716045078048,"stop":1716045078290,"duration":242},"status":"passed","steps":[],"attachments":[],"parameters":[{"name":"locator","value":"('css selector', 'a.AppHeader_header__link__3D_hX[href=\"/feed\"]')"}],"stepsCount":0,"attachmentStep":false,"hasContent":true,"shouldDisplayMessage":false,"attachmentsCount":0},{"name":"Input data to element","time":{"start":1716045078290,"stop":1716045078811,"duration":521},"status":"passed","steps":[{"name":"Find element and wait","time":{"start":1716045078290,"stop":1716045078805,"duration":515},"status":"passed","steps":[],"attachments":[],"parameters":[{"name":"locator","value":"('css selector', '.text.text_type_main-large.mt-10.mb-5')"}],"stepsCount":0,"attachmentStep":false,"hasContent":true,"shouldDisplayMessage":false,"attachmentsCount":0}],"attachments":[],"parameters":[{"name":"locator","value":"('css selector', '.text.text_type_main-large.mt-10.mb-5')"}],"stepsCount":1,"attachmentStep":false,"hasContent":true,"shouldDisplayMessage":false,"attachmentsCount":0}],"attachments":[],"parameters":[],"stepsCount":4,"attachmentStep":false,"hasContent":true,"shouldDisplayMessage":false,"attachmentsCount":0},{"name":"Create user and login","time":{"start":1716045078812,"stop":1716045078979,"duration":167},"status":"broken","statusMessage":"selenium.common.exceptions.ElementClickInterceptedException: Message: Element <p class=\"AppHeader_header__linkText__3q_va ml-2\"> is not clickable at point (1512,44) because another element <div class=\"Modal_modal_overlay__x2ZCr\"> obscures it\nStacktrace:\nRemoteError@chrome://remote/content/shared/RemoteError.sys.mjs:8:8\nWebDriverError@chrome://remote/content/shared/webdriver/Errors.sys.mjs:193:5\nElementClickInterceptedError@chrome://remote/content/shared/webdriver/Errors.sys.mjs:337:5\nwebdriverClickElement@chrome://remote/content/marionette/interaction.sys.mjs:176:11\ninteraction.clickElement@chrome://remote/content/marionette/interaction.sys.mjs:135:11\nclickElement@chrome://remote/content/marionette/actors/MarionetteCommandsChild.sys.mjs:204:29\nreceiveMessage@chrome://remote/content/marionette/actors/MarionetteCommandsChild.sys.mjs:84:31\n\n","statusTrace":"  File \"C:\\Users\\Leila Magomedova.WKST-QA-08\\AppData\\Local\\Programs\\Python\\Python312\\Lib\\site-packages\\allure_commons\\_allure.py\", line 192, in impl\n    return func(*a, **kw)\n           ^^^^^^^^^^^^^^\n  File \"C:\\Users\\Leila Magomedova.WKST-QA-08\\PycharmProjects\\Diploma\\Diplom_3\\helpers.py\", line 19, in create_user_and_login\n    driver.find_element(*MyAccountLocators.GO_TO_MY_ACCOUNT).click()\n  File \"C:\\Users\\Leila Magomedova.WKST-QA-08\\AppData\\Local\\Programs\\Python\\Python312\\Lib\\site-packages\\selenium\\webdriver\\remote\\webelement.py\", line 93, in click\n    self._execute(Command.CLICK_ELEMENT)\n  File \"C:\\Users\\Leila Magomedova.WKST-QA-08\\AppData\\Local\\Programs\\Python\\Python312\\Lib\\site-packages\\selenium\\webdriver\\remote\\webelement.py\", line 394, in _execute\n    return self._parent.execute(command, params)\n           ^^^^^^^^^^^^^^^^^^^^^^^^^^^^^^^^^^^^^\n  File \"C:\\Users\\Leila Magomedova.WKST-QA-08\\AppData\\Local\\Programs\\Python\\Python312\\Lib\\site-packages\\selenium\\webdriver\\remote\\webdriver.py\", line 347, in execute\n    self.error_handler.check_response(response)\n  File \"C:\\Users\\Leila Magomedova.WKST-QA-08\\AppData\\Local\\Programs\\Python\\Python312\\Lib\\site-packages\\selenium\\webdriver\\remote\\errorhandler.py\", line 229, in check_response\n    raise exception_class(message, screen, stacktrace)\n","steps":[],"attachments":[],"parameters":[{"name":"driver","value":"<selenium.webdriver.firefox.webdriver.WebDriver (session=\"b5e89836-e04c-454a-aa9a-386eb623872f\")>"},{"name":"random_user","value":"{'email': 'sthomas@example.net', 'password': '*6PrHNu$xd', 'name': 'Samantha Rios', 'access_token': 'Bearer eyJhbGciOiJIUzI1NiIsInR5cCI6IkpXVCJ9.eyJpZCI6IjY2NDhjNTExOWVkMjgwMDAxYjQxNGFhYSIsImlhdCI6MTcxNjA0NTA3MywiZXhwIjoxNzE2MDQ2MjczfQ.RZ_Py89q2Jr0LJM0L2ri6Qzp8nZ3J_KhDzYkjXDCT38'}"}],"stepsCount":0,"attachmentStep":false,"hasContent":true,"shouldDisplayMessage":true,"attachmentsCount":0}],"attachments":[],"parameters":[{"name":"random_user","value":"{'email': 'sthomas@example.net', 'password': '*6PrHNu$xd', 'name': 'Samantha Rios', 'access_token': 'Bearer eyJhbGciOiJIUzI1NiIsInR5cCI6IkpXVCJ9.eyJpZCI6IjY2NDhjNTExOWVkMjgwMDAxYjQxNGFhYSIsImlhdCI6MTcxNjA0NTA3MywiZXhwIjoxNzE2MDQ2MjczfQ.RZ_Py89q2Jr0LJM0L2ri6Qzp8nZ3J_KhDzYkjXDCT38'}"},{"name":"driver","value":"<selenium.webdriver.firefox.webdriver.WebDriver (session=\"b5e89836-e04c-454a-aa9a-386eb623872f\")>"}],"stepsCount":6,"attachmentStep":false,"hasContent":true,"shouldDisplayMessage":false,"attachmentsCount":0}],"attachments":[],"parameters":[],"stepsCount":7,"attachmentStep":false,"hasContent":true,"shouldDisplayMessage":true,"attachmentsCount":0},"afterStages":[{"name":"random_user::0","time":{"start":1716045083086,"stop":1716045083860,"duration":774},"status":"passed","steps":[],"attachments":[],"parameters":[],"stepsCount":0,"attachmentStep":false,"hasContent":false,"shouldDisplayMessage":false,"attachmentsCount":0},{"name":"driver::0","time":{"start":1716045083861,"stop":1716045086481,"duration":2620},"status":"passed","steps":[],"attachments":[],"parameters":[],"stepsCount":0,"attachmentStep":false,"hasContent":false,"shouldDisplayMessage":false,"attachmentsCount":0}],"labels":[{"name":"parentSuite","value":"tests"},{"name":"suite","value":"test_order_page"},{"name":"subSuite","value":"TestOrderPage"},{"name":"host","value":"WKST-QA-08"},{"name":"thread","value":"8852-MainThread"},{"name":"framework","value":"pytest"},{"name":"language","value":"cpython3"},{"name":"package","value":"tests.test_order_page"},{"name":"resultFormat","value":"allure2"}],"parameters":[{"name":"driver","value":"'firefox'"}],"links":[],"hidden":false,"retry":false,"extra":{"severity":"normal","retries":[],"categories":[{"name":"Test defects","matchedStatuses":[],"flaky":false}],"tags":[]},"source":"3b0bda56947d3608.json","parameterValues":["'firefox'"]}